<?xml version="1.0" encoding="UTF-8"?>
<!-- Generated by org.testng.reporters.JUnitXMLReporter -->
<testsuite ignored="6" hostname="LAPTOP-BP4NP67Q" failures="0" tests="3" name="Test" time="0.088" errors="0" timestamp="2022-11-25T12:17:18 IST">
  <testcase classname="testNGprogram.GroupDemo" name="m2" time="0.011"/>
  <testcase classname="testNGprogram.GroupDemo" name="m5" time="0.002"/>
  <testcase classname="testNGprogram.GroupDemo" name="m8" time="0.002"/>
  <testcase classname="testNGprogram.GroupDemo" name="m4" time="0.0">
    <ignored/>
  </testcase> <!-- m4 -->
  <testcase classname="testNGprogram.GroupDemo" name="m1" time="0.0">
    <ignored/>
  </testcase> <!-- m1 -->
  <testcase classname="testNGprogram.GroupDemo" name="m3" time="0.0">
    <ignored/>
  </testcase> <!-- m3 -->
  <testcase classname="testNGprogram.GroupDemo" name="m7" time="0.0">
    <ignored/>
  </testcase> <!-- m7 -->
  <testcase classname="testNGprogram.GroupDemo" name="m9" time="0.0">
    <ignored/>
  </testcase> <!-- m9 -->
  <testcase classname="testNGprogram.GroupDemo" name="m6" time="0.0">
    <ignored/>
  </testcase> <!-- m6 -->
</testsuite> <!-- Test -->
