<?xml version="1.0" encoding="UTF-8"?>
<!-- Generated by org.testng.reporters.JUnitXMLReporter -->
<testsuite ignored="0" hostname="LAPTOP-BP4NP67Q" failures="0" tests="3" name="Test1" time="18.174" errors="0" timestamp="2022-11-29T19:10:37 IST">
  <testcase classname="testNGprogram.CrossBrowser" name="browser1" time="14.306"/>
  <testcase classname="testNGprogram.CrossBrowser" name="method3" time="0.373"/>
  <testcase classname="testNGprogram.CrossBrowser" name="method4" time="2.613"/>
</testsuite> <!-- Test1 -->
