<?xml version="1.0" encoding="UTF-8"?>
<!-- Generated by org.testng.reporters.JUnitXMLReporter -->
<testsuite ignored="0" hostname="LAPTOP-BP4NP67Q" failures="0" tests="3" name="Test2" time="14.897" errors="0" timestamp="2022-11-29T19:10:34 IST">
  <testcase classname="testNGprogram.CrossBrowser" name="browser1" time="11.618"/>
  <testcase classname="testNGprogram.CrossBrowser" name="method3" time="0.346"/>
  <testcase classname="testNGprogram.CrossBrowser" name="method4" time="2.454"/>
</testsuite> <!-- Test2 -->
