<?xml version="1.0" encoding="UTF-8"?>
<testng-results ignored="0" total="1" passed="1" failed="0" skipped="0">
  <reporter-output>
  </reporter-output>
  <suite started-at="2022-11-30T15:02:47 IST" name="Default suite" finished-at="2022-11-30T15:03:08 IST" duration-ms="20343">
    <groups>
    </groups>
    <test started-at="2022-11-30T15:02:47 IST" name="Default test" finished-at="2022-11-30T15:03:08 IST" duration-ms="20343">
      <class name="automationDemoSite.DropDown">
        <test-method signature="mainn()[pri:0, instance:automationDemoSite.DropDown@2fb3536e]" started-at="2022-11-30T15:02:47 IST" name="mainn" finished-at="2022-11-30T15:03:08 IST" duration-ms="20300" status="PASS">
          <reporter-output>
          </reporter-output>
        </test-method> <!-- mainn -->
      </class> <!-- automationDemoSite.DropDown -->
    </test> <!-- Default test -->
  </suite> <!-- Default suite -->
</testng-results>
