<?xml version="1.0" encoding="UTF-8"?>
<testng-results ignored="0" total="1" passed="1" failed="0" skipped="0">
  <reporter-output>
  </reporter-output>
  <suite started-at="2022-12-05T17:25:57 IST" name="Default suite" finished-at="2022-12-05T17:26:05 IST" duration-ms="7784">
    <groups>
    </groups>
    <test started-at="2022-12-05T17:25:57 IST" name="Default test" finished-at="2022-12-05T17:26:05 IST" duration-ms="7784">
      <class name="facebookDemo.DateCalender1">
        <test-method signature="google()[pri:0, instance:facebookDemo.DateCalender1@2fb3536e]" started-at="2022-12-05T17:25:57 IST" name="google" finished-at="2022-12-05T17:26:05 IST" duration-ms="7744" status="PASS">
          <reporter-output>
          </reporter-output>
        </test-method> <!-- google -->
      </class> <!-- facebookDemo.DateCalender1 -->
    </test> <!-- Default test -->
  </suite> <!-- Default suite -->
</testng-results>
